#
# There is insufficient memory for the Java Runtime Environment to continue.
# Native memory allocation (mmap) failed to map 65536 bytes. Error detail: Failed to commit metaspace.
# Possible reasons:
#   The system is out of physical RAM or swap space
#   This process is running with CompressedOops enabled, and the Java Heap may be blocking the growth of the native heap
# Possible solutions:
#   Reduce memory load on the system
#   Increase physical memory or swap space
#   Check if swap backing store is full
#   Decrease Java heap size (-Xmx/-Xms)
#   Decrease number of Java threads
#   Decrease Java thread stack sizes (-Xss)
#   Set larger code cache with -XX:ReservedCodeCacheSize=
#   JVM is running with Zero Based Compressed Oops mode in which the Java heap is
#     placed in the first 32GB address space. The Java Heap base address is the
#     maximum limit for the native heap growth. Please use -XX:HeapBaseMinAddress
#     to set the Java Heap base and to place the Java Heap above 32GB virtual address.
# This output file may be truncated or incomplete.
#
#  Out of Memory Error (virtualSpaceNode.cpp:113), pid=19392, tid=14892
#
# JRE version:  (21.0.6) (build )
# Java VM: OpenJDK 64-Bit Server VM (21.0.6+-13391695-b895.109, mixed mode, tiered, compressed oops, compressed class ptrs, g1 gc, windows-amd64)
# No core dump will be written. Minidumps are not enabled by default on client versions of Windows
#

---------------  S U M M A R Y ------------

Command Line: 

Host: Intel(R) Core(TM) i5-6300U CPU @ 2.40GHz, 4 cores, 11G,  Windows 11 , 64 bit Build 22000 (10.0.22000.2538)
Time: Fri Jun 27 01:58:18 2025 Greenwich Standard Time elapsed time: 0.113613 seconds (0d 0h 0m 0s)

---------------  T H R E A D  ---------------

Current thread (0x000002004a690b10):  JavaThread "main"             [_thread_in_vm, id=14892, stack(0x0000000100600000,0x0000000100700000) (1024K)]

Stack: [0x0000000100600000,0x0000000100700000]
Native frames: (J=compiled Java code, j=interpreted, Vv=VM code, C=native code)
V  [jvm.dll+0x6d0639]
V  [jvm.dll+0x85eb03]
V  [jvm.dll+0x86105e]
V  [jvm.dll+0x861743]
V  [jvm.dll+0x27e6e6]
V  [jvm.dll+0x8599de]
V  [jvm.dll+0x674055]
V  [jvm.dll+0x6740ba]
V  [jvm.dll+0x676916]
V  [jvm.dll+0x6767e2]
V  [jvm.dll+0x674a4e]
V  [jvm.dll+0x67ea77]
V  [jvm.dll+0x214ecc]
V  [jvm.dll+0x215415]
V  [jvm.dll+0x215df6]
V  [jvm.dll+0x20ae49]
V  [jvm.dll+0x5b1ff3]
V  [jvm.dll+0x21c88b]
V  [jvm.dll+0x7d60cc]
V  [jvm.dll+0x7d7172]
V  [jvm.dll+0x7d7734]
V  [jvm.dll+0x7d73c8]
V  [jvm.dll+0x26d44b]
V  [jvm.dll+0x26d665]
V  [jvm.dll+0x5d4f87]
V  [jvm.dll+0x5d807e]
V  [jvm.dll+0x3d8db0]
V  [jvm.dll+0x3d842d]
C  0x0000020054d197a0

The last pc belongs to invokestatic (printed below).
Java frames: (J=compiled Java code, j=interpreted, Vv=VM code)
j  java.nio.Buffer.<clinit>()V+22 java.base
v  ~StubRoutines::call_stub 0x0000020054d0100d
j  sun.nio.cs.StreamEncoder.<init>(Ljava/io/OutputStream;Ljava/lang/Object;Ljava/nio/charset/CharsetEncoder;)V+42 java.base
j  sun.nio.cs.StreamEncoder.<init>(Ljava/io/OutputStream;Ljava/lang/Object;Ljava/nio/charset/Charset;)V+19 java.base
j  sun.nio.cs.StreamEncoder.forOutputStreamWriter(Ljava/io/OutputStream;Ljava/lang/Object;Ljava/nio/charset/Charset;)Lsun/nio/cs/StreamEncoder;+7 java.base
j  java.io.OutputStreamWriter.<init>(Ljava/io/OutputStream;Ljava/nio/charset/Charset;)V+26 java.base
j  java.io.PrintStream.<init>(Ljava/io/OutputStream;ZLjava/nio/charset/Charset;)V+27 java.base
j  java.lang.System.newPrintStream(Ljava/io/OutputStream;Ljava/lang/String;)Ljava/io/PrintStream;+27 java.base
j  java.lang.System.initPhase1()V+147 java.base
v  ~StubRoutines::call_stub 0x0000020054d0100d
invokestatic  184 invokestatic  [0x0000020054d19700, 0x0000020054d199c8]  712 bytes
[MachCode]
  0x0000020054d19700: 4883 ec08 | c5fa 1104 | 24eb 1f48 | 83ec 10c5 | fb11 0424 | eb14 4883 | ec10 4889 | 0424 48c7 
  0x0000020054d19720: 4424 0800 | 0000 00eb | 0150 4c89 | 6dc0 410f | b755 0148 | 8b4d d0c1 | e202 8b5c | d138 c1eb 
  0x0000020054d19740: 1081 e3ff | 0000 0081 | fbb8 0000 | 000f 84b4 | 0000 00bb | b800 0000 | e805 0000 | 00e9 9900 
  0x0000020054d19760: 0000 488b | d348 8d44 | 2408 4c89 | 6dc0 498b | cfc5 f877 | 4989 afa8 | 0300 0049 | 8987 9803 
  0x0000020054d19780: 0000 4883 | ec20 40f6 | c40f 0f84 | 1900 0000 | 4883 ec08 | 48b8 c083 | f8af fe7f | 0000 ffd0 
  0x0000020054d197a0: 4883 c408 | e90c 0000 | 0048 b8c0 | 83f8 affe | 7f00 00ff | d048 83c4 | 2049 c787 | 9803 0000 
  0x0000020054d197c0: 0000 0000 | 49c7 87a8 | 0300 0000 | 0000 0049 | c787 a003 | 0000 0000 | 0000 c5f8 | 7749 837f 
  0x0000020054d197e0: 0800 0f84 | 0500 0000 | e913 77fe | ff4c 8b6d | c04c 8b75 | c84e 8d74 | f500 c341 | 0fb7 5501 
  0x0000020054d19800: 488b 4dd0 | c1e2 0248 | 8b5c d140 | 488b 5b08 | 488b 5b08 | 488b 5b18 | 80bb 4101 | 0000 040f 
  0x0000020054d19820: 840d 0000 | 004c 3bbb | 4801 0000 | 0f85 21ff | ffff 488b | 5cd1 408b | 54d1 50c1 | ea1c 49ba 
  0x0000020054d19840: 80e0 76b0 | fe7f 0000 | 498b 14d2 | 5248 8b45 | d848 85c0 | 0f84 1200 | 0000 4883 | 4008 0148 
  0x0000020054d19860: 8358 0800 | 4883 c010 | 4889 45d8 | 488b 45d8 | 4885 c00f | 843d 0100 | 0080 78f0 | 0a0f 8533 
  0x0000020054d19880: 0100 0048 | 83c0 084c | 8b68 f841 | 83ed 0041 | 83fd 020f | 8c12 0100 | 004c 8b6b | 0845 0fb7 
  0x0000020054d198a0: 6d2e 4c2b | 2841 83ed | 014e 8b6c | ec08 4d85 | ed75 0ef6 | 4008 0175 | 58f0 4883 | 4808 01eb 
  0x0000020054d198c0: 5045 8b6d | 0849 ba00 | 0000 0008 | 0000 004d | 03ea 4d8b | d54c 3368 | 0849 f7c5 | fcff ffff 
  0x0000020054d198e0: 742f 41f6 | c502 7529 | 4883 7808 | 0074 1e48 | 8378 0801 | 7417 4d8b | ea4c 3368 | 0849 f7c5 
  0x0000020054d19900: fcff ffff | 740b 4883 | 4808 02eb | 044c 8968 | 0848 83c0 | 104c 8b68 | e841 83ed | 0241 83fd 
  0x0000020054d19920: 020f 8c84 | 0000 004c | 8b6b 0845 | 0fb7 6d2e | 4c2b 2841 | 83ed 014e | 8b6c ec08 | 4d85 ed75 
  0x0000020054d19940: 0ef6 4008 | 0175 58f0 | 4883 4808 | 01eb 5045 | 8b6d 0849 | ba00 0000 | 0008 0000 | 004d 03ea 
  0x0000020054d19960: 4d8b d54c | 3368 0849 | f7c5 fcff | ffff 742f | 41f6 c502 | 7529 4883 | 7808 0074 | 1e48 8378 
  0x0000020054d19980: 0801 7417 | 4d8b ea4c | 3368 0849 | f7c5 fcff | ffff 740b | 4883 4808 | 02eb 044c | 8968 0848 
  0x0000020054d199a0: 83c0 104c | 8b68 d841 | 83ed 0441 | c1e5 0349 | 03c5 4889 | 45d8 4c8d | 6c24 084c | 896d f0ff 
  0x0000020054d199c0: 6368 660f | 1f44 0000 
[/MachCode]

---------------  P R O C E S S  ---------------

Threads class SMR info:
_java_thread_list=0x00000200626ba690, length=1, elements={
0x000002004a690b10
}

Java Threads: ( => current thread )
=>0x000002004a690b10 JavaThread "main"                              [_thread_in_vm, id=14892, stack(0x0000000100600000,0x0000000100700000) (1024K)]
Total: 1

Other Threads:
  0x000002006287b2a0 VMThread "VM Thread"                           [id=18884, stack(0x0000000100d00000,0x0000000100e00000) (1024K)]
  0x00000200627e2220 WatcherThread "VM Periodic Task Thread"        [id=1952, stack(0x0000000100c00000,0x0000000100d00000) (1024K)]
  0x000002004a6e3330 WorkerThread "GC Thread#0"                     [id=18700, stack(0x0000000100700000,0x0000000100800000) (1024K)]
  0x000002004a6f1950 ConcurrentGCThread "G1 Main Marker"            [id=17692, stack(0x0000000100800000,0x0000000100900000) (1024K)]
  0x000002004a6f27d0 WorkerThread "G1 Conc#0"                       [id=3272, stack(0x0000000100900000,0x0000000100a00000) (1024K)]
  0x00000200626b60e0 ConcurrentGCThread "G1 Refine#0"               [id=13948, stack(0x0000000100a00000,0x0000000100b00000) (1024K)]
  0x00000200626b7d10 ConcurrentGCThread "G1 Service"                [id=17792, stack(0x0000000100b00000,0x0000000100c00000) (1024K)]
Total: 7

Threads with active compile tasks:
Total: 0

VM state: not at safepoint (normal execution)

VM Mutex/Monitor currently owned by a thread:  ([mutex/lock_event])
[0x00007ffeb075c1a0] Metaspace_lock - owner thread: 0x000002004a690b10

Heap address: 0x0000000741e00000, size: 3042 MB, Compressed Oops mode: Zero based, Oop shift amount: 3

CDS archive(s) not mapped
Compressed class space mapped at: 0x0000000800000000-0x0000000840000000, reserved size: 1073741824
Narrow klass base: 0x0000000800000000, Narrow klass shift: 0, Narrow klass range: 0x40000000

GC Precious Log:
 CardTable entry size: 512
 Card Set container configuration: InlinePtr #cards 4 size 8 Array Of Cards #cards 16 size 48 Howl #buckets 8 coarsen threshold 3686 Howl Bitmap #cards 512 size 80 coarsen threshold 460 Card regions per heap region 1 cards per card region 4096
 CPUs: 4 total, 4 available
 Memory: 12166M
 Large Page Support: Disabled
 NUMA Support: Disabled
 Compressed Oops: Enabled (Zero based)
 Heap Region Size: 2M
 Heap Min Capacity: 8M
 Heap Initial Capacity: 192M
 Heap Max Capacity: 3042M
 Pre-touch: Disabled
 Parallel Workers: 4
 Concurrent Workers: 1
 Concurrent Refinement Workers: 4
 Periodic GC: Disabled

Heap:
 garbage-first heap   total 196608K, used 0K [0x0000000741e00000, 0x0000000800000000)
  region size 2048K, 1 young (2048K), 0 survivors (0K)
 Metaspace       used 2638K, committed 2688K, reserved 1114112K
  class space    used 206K, committed 256K, reserved 1048576K

Heap Regions: E=young(eden), S=young(survivor), O=old, HS=humongous(starts), HC=humongous(continues), CS=collection set, F=free, TAMS=top-at-mark-start, PB=parsable bottom
|   0|0x0000000741e00000, 0x0000000741e00000, 0x0000000742000000|  0%| F|  |TAMS 0x0000000741e00000| PB 0x0000000741e00000| Untracked 
|   1|0x0000000742000000, 0x0000000742000000, 0x0000000742200000|  0%| F|  |TAMS 0x0000000742000000| PB 0x0000000742000000| Untracked 
|   2|0x0000000742200000, 0x0000000742200000, 0x0000000742400000|  0%| F|  |TAMS 0x0000000742200000| PB 0x0000000742200000| Untracked 
|   3|0x0000000742400000, 0x0000000742400000, 0x0000000742600000|  0%| F|  |TAMS 0x0000000742400000| PB 0x0000000742400000| Untracked 
|   4|0x0000000742600000, 0x0000000742600000, 0x0000000742800000|  0%| F|  |TAMS 0x0000000742600000| PB 0x0000000742600000| Untracked 
|   5|0x0000000742800000, 0x0000000742800000, 0x0000000742a00000|  0%| F|  |TAMS 0x0000000742800000| PB 0x0000000742800000| Untracked 
|   6|0x0000000742a00000, 0x0000000742a00000, 0x0000000742c00000|  0%| F|  |TAMS 0x0000000742a00000| PB 0x0000000742a00000| Untracked 
|   7|0x0000000742c00000, 0x0000000742c00000, 0x0000000742e00000|  0%| F|  |TAMS 0x0000000742c00000| PB 0x0000000742c00000| Untracked 
|   8|0x0000000742e00000, 0x0000000742e00000, 0x0000000743000000|  0%| F|  |TAMS 0x0000000742e00000| PB 0x0000000742e00000| Untracked 
|   9|0x0000000743000000, 0x0000000743000000, 0x0000000743200000|  0%| F|  |TAMS 0x0000000743000000| PB 0x0000000743000000| Untracked 
|  10|0x0000000743200000, 0x0000000743200000, 0x0000000743400000|  0%| F|  |TAMS 0x0000000743200000| PB 0x0000000743200000| Untracked 
|  11|0x0000000743400000, 0x0000000743400000, 0x0000000743600000|  0%| F|  |TAMS 0x0000000743400000| PB 0x0000000743400000| Untracked 
|  12|0x0000000743600000, 0x0000000743600000, 0x0000000743800000|  0%| F|  |TAMS 0x0000000743600000| PB 0x0000000743600000| Untracked 
|  13|0x0000000743800000, 0x0000000743800000, 0x0000000743a00000|  0%| F|  |TAMS 0x0000000743800000| PB 0x0000000743800000| Untracked 
|  14|0x0000000743a00000, 0x0000000743a00000, 0x0000000743c00000|  0%| F|  |TAMS 0x0000000743a00000| PB 0x0000000743a00000| Untracked 
|  15|0x0000000743c00000, 0x0000000743c00000, 0x0000000743e00000|  0%| F|  |TAMS 0x0000000743c00000| PB 0x0000000743c00000| Untracked 
|  16|0x0000000743e00000, 0x0000000743e00000, 0x0000000744000000|  0%| F|  |TAMS 0x0000000743e00000| PB 0x0000000743e00000| Untracked 
|  17|0x0000000744000000, 0x0000000744000000, 0x0000000744200000|  0%| F|  |TAMS 0x0000000744000000| PB 0x0000000744000000| Untracked 
|  18|0x0000000744200000, 0x0000000744200000, 0x0000000744400000|  0%| F|  |TAMS 0x0000000744200000| PB 0x0000000744200000| Untracked 
|  19|0x0000000744400000, 0x0000000744400000, 0x0000000744600000|  0%| F|  |TAMS 0x0000000744400000| PB 0x0000000744400000| Untracked 
|  20|0x0000000744600000, 0x0000000744600000, 0x0000000744800000|  0%| F|  |TAMS 0x0000000744600000| PB 0x0000000744600000| Untracked 
|  21|0x0000000744800000, 0x0000000744800000, 0x0000000744a00000|  0%| F|  |TAMS 0x0000000744800000| PB 0x0000000744800000| Untracked 
|  22|0x0000000744a00000, 0x0000000744a00000, 0x0000000744c00000|  0%| F|  |TAMS 0x0000000744a00000| PB 0x0000000744a00000| Untracked 
|  23|0x0000000744c00000, 0x0000000744c00000, 0x0000000744e00000|  0%| F|  |TAMS 0x0000000744c00000| PB 0x0000000744c00000| Untracked 
|  24|0x0000000744e00000, 0x0000000744e00000, 0x0000000745000000|  0%| F|  |TAMS 0x0000000744e00000| PB 0x0000000744e00000| Untracked 
|  25|0x0000000745000000, 0x0000000745000000, 0x0000000745200000|  0%| F|  |TAMS 0x0000000745000000| PB 0x0000000745000000| Untracked 
|  26|0x0000000745200000, 0x0000000745200000, 0x0000000745400000|  0%| F|  |TAMS 0x0000000745200000| PB 0x0000000745200000| Untracked 
|  27|0x0000000745400000, 0x0000000745400000, 0x0000000745600000|  0%| F|  |TAMS 0x0000000745400000| PB 0x0000000745400000| Untracked 
|  28|0x0000000745600000, 0x0000000745600000, 0x0000000745800000|  0%| F|  |TAMS 0x0000000745600000| PB 0x0000000745600000| Untracked 
|  29|0x0000000745800000, 0x0000000745800000, 0x0000000745a00000|  0%| F|  |TAMS 0x0000000745800000| PB 0x0000000745800000| Untracked 
|  30|0x0000000745a00000, 0x0000000745a00000, 0x0000000745c00000|  0%| F|  |TAMS 0x0000000745a00000| PB 0x0000000745a00000| Untracked 
|  31|0x0000000745c00000, 0x0000000745c00000, 0x0000000745e00000|  0%| F|  |TAMS 0x0000000745c00000| PB 0x0000000745c00000| Untracked 
|  32|0x0000000745e00000, 0x0000000745e00000, 0x0000000746000000|  0%| F|  |TAMS 0x0000000745e00000| PB 0x0000000745e00000| Untracked 
|  33|0x0000000746000000, 0x0000000746000000, 0x0000000746200000|  0%| F|  |TAMS 0x0000000746000000| PB 0x0000000746000000| Untracked 
|  34|0x0000000746200000, 0x0000000746200000, 0x0000000746400000|  0%| F|  |TAMS 0x0000000746200000| PB 0x0000000746200000| Untracked 
|  35|0x0000000746400000, 0x0000000746400000, 0x0000000746600000|  0%| F|  |TAMS 0x0000000746400000| PB 0x0000000746400000| Untracked 
|  36|0x0000000746600000, 0x0000000746600000, 0x0000000746800000|  0%| F|  |TAMS 0x0000000746600000| PB 0x0000000746600000| Untracked 
|  37|0x0000000746800000, 0x0000000746800000, 0x0000000746a00000|  0%| F|  |TAMS 0x0000000746800000| PB 0x0000000746800000| Untracked 
|  38|0x0000000746a00000, 0x0000000746a00000, 0x0000000746c00000|  0%| F|  |TAMS 0x0000000746a00000| PB 0x0000000746a00000| Untracked 
|  39|0x0000000746c00000, 0x0000000746c00000, 0x0000000746e00000|  0%| F|  |TAMS 0x0000000746c00000| PB 0x0000000746c00000| Untracked 
|  40|0x0000000746e00000, 0x0000000746e00000, 0x0000000747000000|  0%| F|  |TAMS 0x0000000746e00000| PB 0x0000000746e00000| Untracked 
|  41|0x0000000747000000, 0x0000000747000000, 0x0000000747200000|  0%| F|  |TAMS 0x0000000747000000| PB 0x0000000747000000| Untracked 
|  42|0x0000000747200000, 0x0000000747200000, 0x0000000747400000|  0%| F|  |TAMS 0x0000000747200000| PB 0x0000000747200000| Untracked 
|  43|0x0000000747400000, 0x0000000747400000, 0x0000000747600000|  0%| F|  |TAMS 0x0000000747400000| PB 0x0000000747400000| Untracked 
|  44|0x0000000747600000, 0x0000000747600000, 0x0000000747800000|  0%| F|  |TAMS 0x0000000747600000| PB 0x0000000747600000| Untracked 
|  45|0x0000000747800000, 0x0000000747800000, 0x0000000747a00000|  0%| F|  |TAMS 0x0000000747800000| PB 0x0000000747800000| Untracked 
|  46|0x0000000747a00000, 0x0000000747a00000, 0x0000000747c00000|  0%| F|  |TAMS 0x0000000747a00000| PB 0x0000000747a00000| Untracked 
|  47|0x0000000747c00000, 0x0000000747c00000, 0x0000000747e00000|  0%| F|  |TAMS 0x0000000747c00000| PB 0x0000000747c00000| Untracked 
|  48|0x0000000747e00000, 0x0000000747e00000, 0x0000000748000000|  0%| F|  |TAMS 0x0000000747e00000| PB 0x0000000747e00000| Untracked 
|  49|0x0000000748000000, 0x0000000748000000, 0x0000000748200000|  0%| F|  |TAMS 0x0000000748000000| PB 0x0000000748000000| Untracked 
|  50|0x0000000748200000, 0x0000000748200000, 0x0000000748400000|  0%| F|  |TAMS 0x0000000748200000| PB 0x0000000748200000| Untracked 
|  51|0x0000000748400000, 0x0000000748400000, 0x0000000748600000|  0%| F|  |TAMS 0x0000000748400000| PB 0x0000000748400000| Untracked 
|  52|0x0000000748600000, 0x0000000748600000, 0x0000000748800000|  0%| F|  |TAMS 0x0000000748600000| PB 0x0000000748600000| Untracked 
|  53|0x0000000748800000, 0x0000000748800000, 0x0000000748a00000|  0%| F|  |TAMS 0x0000000748800000| PB 0x0000000748800000| Untracked 
|  54|0x0000000748a00000, 0x0000000748a00000, 0x0000000748c00000|  0%| F|  |TAMS 0x0000000748a00000| PB 0x0000000748a00000| Untracked 
|  55|0x0000000748c00000, 0x0000000748c00000, 0x0000000748e00000|  0%| F|  |TAMS 0x0000000748c00000| PB 0x0000000748c00000| Untracked 
|  56|0x0000000748e00000, 0x0000000748e00000, 0x0000000749000000|  0%| F|  |TAMS 0x0000000748e00000| PB 0x0000000748e00000| Untracked 
|  57|0x0000000749000000, 0x0000000749000000, 0x0000000749200000|  0%| F|  |TAMS 0x0000000749000000| PB 0x0000000749000000| Untracked 
|  58|0x0000000749200000, 0x0000000749200000, 0x0000000749400000|  0%| F|  |TAMS 0x0000000749200000| PB 0x0000000749200000| Untracked 
|  59|0x0000000749400000, 0x0000000749400000, 0x0000000749600000|  0%| F|  |TAMS 0x0000000749400000| PB 0x0000000749400000| Untracked 
|  60|0x0000000749600000, 0x0000000749600000, 0x0000000749800000|  0%| F|  |TAMS 0x0000000749600000| PB 0x0000000749600000| Untracked 
|  61|0x0000000749800000, 0x0000000749800000, 0x0000000749a00000|  0%| F|  |TAMS 0x0000000749800000| PB 0x0000000749800000| Untracked 
|  62|0x0000000749a00000, 0x0000000749a00000, 0x0000000749c00000|  0%| F|  |TAMS 0x0000000749a00000| PB 0x0000000749a00000| Untracked 
|  63|0x0000000749c00000, 0x0000000749c00000, 0x0000000749e00000|  0%| F|  |TAMS 0x0000000749c00000| PB 0x0000000749c00000| Untracked 
|  64|0x0000000749e00000, 0x0000000749e00000, 0x000000074a000000|  0%| F|  |TAMS 0x0000000749e00000| PB 0x0000000749e00000| Untracked 
|  65|0x000000074a000000, 0x000000074a000000, 0x000000074a200000|  0%| F|  |TAMS 0x000000074a000000| PB 0x000000074a000000| Untracked 
|  66|0x000000074a200000, 0x000000074a200000, 0x000000074a400000|  0%| F|  |TAMS 0x000000074a200000| PB 0x000000074a200000| Untracked 
|  67|0x000000074a400000, 0x000000074a400000, 0x000000074a600000|  0%| F|  |TAMS 0x000000074a400000| PB 0x000000074a400000| Untracked 
|  68|0x000000074a600000, 0x000000074a600000, 0x000000074a800000|  0%| F|  |TAMS 0x000000074a600000| PB 0x000000074a600000| Untracked 
|  69|0x000000074a800000, 0x000000074a800000, 0x000000074aa00000|  0%| F|  |TAMS 0x000000074a800000| PB 0x000000074a800000| Untracked 
|  70|0x000000074aa00000, 0x000000074aa00000, 0x000000074ac00000|  0%| F|  |TAMS 0x000000074aa00000| PB 0x000000074aa00000| Untracked 
|  71|0x000000074ac00000, 0x000000074ac00000, 0x000000074ae00000|  0%| F|  |TAMS 0x000000074ac00000| PB 0x000000074ac00000| Untracked 
|  72|0x000000074ae00000, 0x000000074ae00000, 0x000000074b000000|  0%| F|  |TAMS 0x000000074ae00000| PB 0x000000074ae00000| Untracked 
|  73|0x000000074b000000, 0x000000074b000000, 0x000000074b200000|  0%| F|  |TAMS 0x000000074b000000| PB 0x000000074b000000| Untracked 
|  74|0x000000074b200000, 0x000000074b200000, 0x000000074b400000|  0%| F|  |TAMS 0x000000074b200000| PB 0x000000074b200000| Untracked 
|  75|0x000000074b400000, 0x000000074b400000, 0x000000074b600000|  0%| F|  |TAMS 0x000000074b400000| PB 0x000000074b400000| Untracked 
|  76|0x000000074b600000, 0x000000074b600000, 0x000000074b800000|  0%| F|  |TAMS 0x000000074b600000| PB 0x000000074b600000| Untracked 
|  77|0x000000074b800000, 0x000000074b800000, 0x000000074ba00000|  0%| F|  |TAMS 0x000000074b800000| PB 0x000000074b800000| Untracked 
|  78|0x000000074ba00000, 0x000000074ba00000, 0x000000074bc00000|  0%| F|  |TAMS 0x000000074ba00000| PB 0x000000074ba00000| Untracked 
|  79|0x000000074bc00000, 0x000000074bc00000, 0x000000074be00000|  0%| F|  |TAMS 0x000000074bc00000| PB 0x000000074bc00000| Untracked 
|  80|0x000000074be00000, 0x000000074be00000, 0x000000074c000000|  0%| F|  |TAMS 0x000000074be00000| PB 0x000000074be00000| Untracked 
|  81|0x000000074c000000, 0x000000074c000000, 0x000000074c200000|  0%| F|  |TAMS 0x000000074c000000| PB 0x000000074c000000| Untracked 
|  82|0x000000074c200000, 0x000000074c200000, 0x000000074c400000|  0%| F|  |TAMS 0x000000074c200000| PB 0x000000074c200000| Untracked 
|  83|0x000000074c400000, 0x000000074c400000, 0x000000074c600000|  0%| F|  |TAMS 0x000000074c400000| PB 0x000000074c400000| Untracked 
|  84|0x000000074c600000, 0x000000074c600000, 0x000000074c800000|  0%| F|  |TAMS 0x000000074c600000| PB 0x000000074c600000| Untracked 
|  85|0x000000074c800000, 0x000000074c800000, 0x000000074ca00000|  0%| F|  |TAMS 0x000000074c800000| PB 0x000000074c800000| Untracked 
|  86|0x000000074ca00000, 0x000000074ca00000, 0x000000074cc00000|  0%| F|  |TAMS 0x000000074ca00000| PB 0x000000074ca00000| Untracked 
|  87|0x000000074cc00000, 0x000000074cc00000, 0x000000074ce00000|  0%| F|  |TAMS 0x000000074cc00000| PB 0x000000074cc00000| Untracked 
|  88|0x000000074ce00000, 0x000000074ce00000, 0x000000074d000000|  0%| F|  |TAMS 0x000000074ce00000| PB 0x000000074ce00000| Untracked 
|  89|0x000000074d000000, 0x000000074d000000, 0x000000074d200000|  0%| F|  |TAMS 0x000000074d000000| PB 0x000000074d000000| Untracked 
|  90|0x000000074d200000, 0x000000074d200000, 0x000000074d400000|  0%| F|  |TAMS 0x000000074d200000| PB 0x000000074d200000| Untracked 
|  91|0x000000074d400000, 0x000000074d400000, 0x000000074d600000|  0%| F|  |TAMS 0x000000074d400000| PB 0x000000074d400000| Untracked 
|  92|0x000000074d600000, 0x000000074d600000, 0x000000074d800000|  0%| F|  |TAMS 0x000000074d600000| PB 0x000000074d600000| Untracked 
|  93|0x000000074d800000, 0x000000074d800000, 0x000000074da00000|  0%| F|  |TAMS 0x000000074d800000| PB 0x000000074d800000| Untracked 
|  94|0x000000074da00000, 0x000000074da00000, 0x000000074dc00000|  0%| F|  |TAMS 0x000000074da00000| PB 0x000000074da00000| Untracked 
|  95|0x000000074dc00000, 0x000000074dc3d778, 0x000000074de00000| 12%| E|  |TAMS 0x000000074dc00000| PB 0x000000074dc00000| Complete 

Card table byte_map: [0x000002005cdd0000,0x000002005d3d0000] _byte_map_base: 0x00000200593c1000

Marking Bits: (CMBitMap*) 0x000002004a6e3940
 Bits: [0x000002005d3d0000, 0x0000020060358000)

Polling page: 0x0000020048540000

Metaspace:

Usage:
  Non-class:      2.37 MB used.
      Class:    206.28 KB used.
       Both:      2.58 MB used.

Virtual space:
  Non-class space:       64.00 MB reserved,       2.38 MB (  4%) committed,  1 nodes.
      Class space:        1.00 GB reserved,     256.00 KB ( <1%) committed,  1 nodes.
             Both:        1.06 GB reserved,       2.62 MB ( <1%) committed. 

Chunk freelists:
   Non-Class:  12.00 MB
       Class:  15.75 MB
        Both:  27.75 MB

MaxMetaspaceSize: unlimited
CompressedClassSpaceSize: 1.00 GB
Initial GC threshold: 21.00 MB
Current GC threshold: 17179869184.00 GB
CDS: off
 - commit_granule_bytes: 65536.
 - commit_granule_words: 8192.
 - virtual_space_node_default_size: 8388608.
 - enlarge_chunks_in_place: 1.
 - use_allocation_guard: 0.


Internal statistics:

num_allocs_failed_limit: 0.
num_arena_births: 2.
num_arena_deaths: 0.
num_vsnodes_births: 2.
num_vsnodes_deaths: 0.
num_space_committed: 42.
num_space_uncommitted: 0.
num_chunks_returned_to_freelist: 0.
num_chunks_taken_from_freelist: 3.
num_chunk_merges: 0.
num_chunk_splits: 2.
num_chunks_enlarged: 0.
num_inconsistent_stats: 0.

CodeHeap 'non-profiled nmethods': size=120000Kb used=0Kb max_used=0Kb free=120000Kb
 bounds [0x00000200552a0000, 0x0000020055510000, 0x000002005c7d0000]
CodeHeap 'profiled nmethods': size=120000Kb used=0Kb max_used=0Kb free=120000Kb
 bounds [0x000002004d7d0000, 0x000002004da40000, 0x0000020054d00000]
CodeHeap 'non-nmethods': size=5760Kb used=410Kb max_used=410Kb free=5349Kb
 bounds [0x0000020054d00000, 0x0000020054f70000, 0x00000200552a0000]
 total_blobs=179 nmethods=0 adapters=149
 compilation: enabled
              stopped_count=0, restarted_count=0
 full_count=0

Compilation events (0 events):
No events

GC Heap History (0 events):
No events

Dll operation events (2 events):
Event: 0.019 Loaded shared library C:\Program Files\Android\Android Studio\jbr\bin\java.dll
Event: 0.033 Loaded shared library C:\Program Files\Android\Android Studio\jbr\bin\zip.dll

Deoptimization events (0 events):
No events

Classes loaded (20 events):
Event: 0.107 Loading class java/io/OutputStreamWriter done
Event: 0.107 Loading class sun/nio/cs/StreamEncoder
Event: 0.107 Loading class sun/nio/cs/StreamEncoder done
Event: 0.107 Loading class sun/nio/cs/SingleByte$Encoder
Event: 0.107 Loading class sun/nio/cs/ArrayEncoder
Event: 0.107 Loading class sun/nio/cs/ArrayEncoder done
Event: 0.107 Loading class java/nio/charset/CharsetEncoder
Event: 0.107 Loading class java/nio/charset/CharsetEncoder done
Event: 0.107 Loading class sun/nio/cs/SingleByte$Encoder done
Event: 0.108 Loading class sun/nio/cs/MS1252$Holder
Event: 0.108 Loading class sun/nio/cs/MS1252$Holder done
Event: 0.108 Loading class java/lang/StringUTF16
Event: 0.108 Loading class java/lang/StringUTF16 done
Event: 0.109 Loading class sun/nio/cs/SingleByte
Event: 0.109 Loading class sun/nio/cs/SingleByte done
Event: 0.109 Loading class java/nio/charset/CodingErrorAction
Event: 0.109 Loading class java/nio/charset/CodingErrorAction done
Event: 0.109 Loading class java/nio/ByteBuffer
Event: 0.109 Loading class java/nio/ByteBuffer done
Event: 0.110 Loading class jdk/internal/misc/ScopedMemoryAccess

Classes unloaded (0 events):
No events

Classes redefined (0 events):
No events

Internal exceptions (0 events):
No events

ZGC Phase Switch (0 events):
No events

VM Operations (0 events):
No events

Memory protections (0 events):
No events

Nmethod flushes (0 events):
No events

Events (1 events):
Event: 0.030 Thread 0x000002004a690b10 Thread added: 0x000002004a690b10


Dynamic libraries:
0x00007ff6ab060000 - 0x00007ff6ab06a000 	C:\Program Files\Android\Android Studio\jbr\bin\java.EXE
0x00007fff02d60000 - 0x00007fff02f69000 	C:\Windows\SYSTEM32\ntdll.dll
0x00007fff01ea0000 - 0x00007fff01f5d000 	C:\Windows\System32\KERNEL32.DLL
0x00007fff005a0000 - 0x00007fff00924000 	C:\Windows\System32\KERNELBASE.dll
0x00007fff003e0000 - 0x00007fff004f1000 	C:\Windows\System32\ucrtbase.dll
0x00007ffed4a50000 - 0x00007ffed4a68000 	C:\Program Files\Android\Android Studio\jbr\bin\jli.dll
0x00007ffeef290000 - 0x00007ffeef2ab000 	C:\Program Files\Android\Android Studio\jbr\bin\VCRUNTIME140.dll
0x00007fff026f0000 - 0x00007fff0289d000 	C:\Windows\System32\USER32.dll
0x00007fff00b80000 - 0x00007fff00ba6000 	C:\Windows\System32\win32u.dll
0x00007fff00cf0000 - 0x00007fff00d1a000 	C:\Windows\System32\GDI32.dll
0x00007fff009a0000 - 0x00007fff00abe000 	C:\Windows\System32\gdi32full.dll
0x00007ffeec3f0000 - 0x00007ffeec695000 	C:\Windows\WinSxS\amd64_microsoft.windows.common-controls_6595b64144ccf1df_6.0.22000.120_none_9d947278b86cc467\COMCTL32.dll
0x00007fff00500000 - 0x00007fff0059d000 	C:\Windows\System32\msvcp_win.dll
0x00007fff02420000 - 0x00007fff024c3000 	C:\Windows\System32\msvcrt.dll
0x00007fff021e0000 - 0x00007fff02211000 	C:\Windows\System32\IMM32.DLL
0x00000000608d0000 - 0x00000000608dc000 	C:\Program Files (x86)\360\Total Security\safemon\SafeWrapper.dll
0x00007fff02130000 - 0x00007fff021de000 	C:\Windows\System32\ADVAPI32.dll
0x00007fff00d20000 - 0x00007fff00dbe000 	C:\Windows\System32\sechost.dll
0x00007fff022f0000 - 0x00007fff02411000 	C:\Windows\System32\RPCRT4.dll
0x00007ffeb7430000 - 0x00007ffeb74dc000 	C:\Program Files (x86)\360\Total Security\safemon\libzdtp64.dll
0x00007fff00dc0000 - 0x00007fff01585000 	C:\Windows\System32\SHELL32.dll
0x00007fff024f0000 - 0x00007fff0254d000 	C:\Windows\System32\SHLWAPI.dll
0x00007ffeffb10000 - 0x00007ffeffb1a000 	C:\Windows\SYSTEM32\VERSION.dll
0x00007ffef55a0000 - 0x00007ffef55ac000 	C:\Program Files\Android\Android Studio\jbr\bin\vcruntime140_1.dll
0x00007ffed1ef0000 - 0x00007ffed1f7d000 	C:\Program Files\Android\Android Studio\jbr\bin\msvcp140.dll
0x00007ffeafbb0000 - 0x00007ffeb083b000 	C:\Program Files\Android\Android Studio\jbr\bin\server\jvm.dll
0x00007fff019b0000 - 0x00007fff01a1f000 	C:\Windows\System32\WS2_32.dll
0x00007fff000c0000 - 0x00007fff0010d000 	C:\Windows\SYSTEM32\POWRPROF.dll
0x00007ffef54d0000 - 0x00007ffef5503000 	C:\Windows\SYSTEM32\WINMM.dll
0x00007fff00050000 - 0x00007fff00063000 	C:\Windows\SYSTEM32\UMPDC.dll
0x00007ffeff1b0000 - 0x00007ffeff1c8000 	C:\Windows\SYSTEM32\kernel.appcore.dll
0x00007ffef5540000 - 0x00007ffef554a000 	C:\Program Files\Android\Android Studio\jbr\bin\jimage.dll
0x00007ffefcf60000 - 0x00007ffefd181000 	C:\Windows\SYSTEM32\DBGHELP.DLL
0x00007ffee3ec0000 - 0x00007ffee3ef1000 	C:\Windows\SYSTEM32\dbgcore.DLL
0x00007fff00360000 - 0x00007fff003df000 	C:\Windows\System32\bcryptPrimitives.dll
0x00007ffeec720000 - 0x00007ffeec740000 	C:\Program Files\Android\Android Studio\jbr\bin\java.dll
0x00007ffeebaa0000 - 0x00007ffeebab8000 	C:\Program Files\Android\Android Studio\jbr\bin\zip.dll
0x00007ffefe210000 - 0x00007ffefea72000 	C:\Windows\SYSTEM32\windows.storage.dll
0x00007fff01a20000 - 0x00007fff01d96000 	C:\Windows\System32\combase.dll
0x00007ffefe0a0000 - 0x00007ffefe207000 	C:\Windows\SYSTEM32\wintypes.dll
0x00007fff018c0000 - 0x00007fff019aa000 	C:\Windows\System32\SHCORE.dll
0x00007fff00120000 - 0x00007fff00145000 	C:\Windows\SYSTEM32\profapi.dll

dbghelp: loaded successfully - version: 4.0.5 - missing functions: none
symbol engine: initialized successfully - sym options: 0x614 - pdb path: .;C:\Program Files\Android\Android Studio\jbr\bin;C:\Windows\SYSTEM32;C:\Windows\WinSxS\amd64_microsoft.windows.common-controls_6595b64144ccf1df_6.0.22000.120_none_9d947278b86cc467;C:\Program Files (x86)\360\Total Security\safemon;C:\Program Files\Android\Android Studio\jbr\bin\server

VM Arguments:
java_command: <unknown>
java_class_path (initial): <not set>
Launcher Type: SUN_STANDARD

[Global flags]
     intx CICompilerCount                          = 3                                         {product} {ergonomic}
     uint ConcGCThreads                            = 1                                         {product} {ergonomic}
     uint G1ConcRefinementThreads                  = 4                                         {product} {ergonomic}
   size_t G1HeapRegionSize                         = 2097152                                   {product} {ergonomic}
    uintx GCDrainStackTargetSize                   = 64                                        {product} {ergonomic}
   size_t InitialHeapSize                          = 201326592                                 {product} {ergonomic}
   size_t MarkStackSize                            = 4194304                                   {product} {ergonomic}
   size_t MaxHeapSize                              = 3189768192                                {product} {ergonomic}
   size_t MaxNewSize                               = 1912602624                                {product} {ergonomic}
   size_t MinHeapDeltaBytes                        = 2097152                                   {product} {ergonomic}
   size_t MinHeapSize                              = 8388608                                   {product} {ergonomic}
    uintx NonNMethodCodeHeapSize                   = 5832780                                {pd product} {ergonomic}
    uintx NonProfiledCodeHeapSize                  = 122912730                              {pd product} {ergonomic}
    uintx ProfiledCodeHeapSize                     = 122912730                              {pd product} {ergonomic}
    uintx ReservedCodeCacheSize                    = 251658240                              {pd product} {ergonomic}
     bool SegmentedCodeCache                       = true                                      {product} {ergonomic}
   size_t SoftMaxHeapSize                          = 3189768192                             {manageable} {ergonomic}
     bool UseCompressedOops                        = true                           {product lp64_product} {ergonomic}
     bool UseG1GC                                  = true                                      {product} {ergonomic}
     bool UseLargePagesIndividualAllocation        = false                                  {pd product} {ergonomic}

Logging:
Log output configuration:
 #0: stdout all=warning uptime,level,tags foldmultilines=false
 #1: stderr all=off uptime,level,tags foldmultilines=false

Environment Variables:
JAVA_HOME=C:\Program Files\Android\Android Studio\jbr
PATH=C:\Program Files\Android\Android Studio\jbr\bin;C:\Program Files\Google\Chrome\Application;C:\Program Files\Common Files\Oracle\Java\javapath;C:\Users\CARTHY\AppData\Roaming\Python\Python312\Scripts;C:\Windows\system32;C:\Windows;C:\Windows\System32\Wbem;C:\Program Files\Python312\Scripts\C:\Program Files\Python312\Scripts\;C:\Windows\System32\OpenSSH\;C:\Program Files\MySQL\MySQL Server 8.0\bin;C:\Program Files\Microsoft SQL Server\130\Tools\Binn\;C:\Program Files\Microsoft SQL Server\Client SDK\ODBC\170\Tools\Binn\;C:\Program Files (x86)\Windows Kits\10\Windows Performance Toolkit\;"C:\Windows\System32\WindowsPowerShell\v1.0\;C:\Python312;C:\Python312\Scripts";\C:\Users\CARTHY\AppData\Local\Programs\Python\Launcher\;C:\Users\CARTHY\AppData\Local\Programs\Python\Launcher\Scripts;C:\Program Files\dotnet\;C:\Program Files (x86)\Microsoft SQL Server\160\DTS\Binn\;C:\Program Files (x86)\Microsoft SQL Server\160\Tools\Binn\;C:\Program Files\Microsoft SQL Server\160\Tools\Binn\;C:\Program Files\Microsoft SQL Server\160\DTS\Binn\;C:\Program Files\Git\cmd;C:\Users\CARTHY\flutter_windows_3.32.4-stable\flutter\bin;C:\Users\CARTHY\AppData\Local\Microsoft\WindowsApps;C:\Program Files\PyCharm 2022.2\bin;;C:\Users\CARTHY\.dotnet\tools;C:\Users\CARTHY\AppData\Local\Programs\Microsoft VS Code\bin;C:\Windows\System32\WindowsPowerShell\v1.0\powershell.exe;C:\Windows\system32\WindowsPowerShell\v1.0\powershell_ise.exe;C:\Users\CARTHY\AppData\Local\Microsoft\WindowsApps\pwsh.exe;C:\Users\CARTHY\AppData\Local\Programs\Python\Python39\python.exe;C:\Users\CARTHY\AppData\Local\Programs\Python\Python39\;C:\Users\CARTHY\AppData\Local\Programs\Python\Python39\Scripts\;C:\Users\CARTHY\OneDrive\Desktop\PHP\php-8.4.8-nts-Win32-vs17-x64;
USERNAME=CARTHY
OS=Windows_NT
PROCESSOR_IDENTIFIER=Intel64 Family 6 Model 78 Stepping 3, GenuineIntel
TMP=C:\Users\CARTHY\AppData\Local\Temp
TEMP=C:\Users\CARTHY\AppData\Local\Temp




Periodic native trim disabled

JNI global refs:
JNI global refs: 1, weak refs: 0

JNI global refs memory usage: 835, weak refs: 201

Process memory usage:
Resident Set Size: 23384K (0% of 12458976K total physical memory with 87988K free physical memory)

OOME stack traces (most recent first):
Classloader memory used:
Loader bootstrap                                                                       : 2638K

---------------  S Y S T E M  ---------------

OS:
 Windows 11 , 64 bit Build 22000 (10.0.22000.2538)
OS uptime: 1 days 8:58 hours
Hyper-V role detected

CPU: total 4 (initial active 4) (2 cores per cpu, 2 threads per core) family 6 model 78 stepping 3 microcode 0xf0, cx8, cmov, fxsr, ht, mmx, 3dnowpref, sse, sse2, sse3, ssse3, sse4.1, sse4.2, popcnt, lzcnt, tsc, tscinvbit, avx, avx2, aes, erms, clmul, bmi1, bmi2, rtm, adx, fma, vzeroupper, clflush, clflushopt, hv, rdtscp, f16c
Processor Information for the first 4 processors :
  Max Mhz: 2496, Current Mhz: 2396, Mhz Limit: 2396

Memory: 4k page, system-wide physical 12166M (85M free)
TotalPageFile size 12166M (AvailPageFile size 5M)
current process WorkingSet (physical memory assigned to process): 22M, peak: 22M
current process commit charge ("private bytes"): 253M, peak: 254M

vm_info: OpenJDK 64-Bit Server VM (21.0.6+-13391695-b895.109) for windows-amd64 JRE (21.0.6+-13391695-b895.109), built on 2025-04-22T21:19:17Z by "builder" with MS VC++ 16.10 / 16.11 (VS2019)

END.
